<?xml version="1.0" encoding="UTF-8"?>
<!-- Generated by org.testng.reporters.JUnitReportReporter -->
<testsuite name="com.myDummyApp.FirstProg" tests="1" time="0.010" ignored="0" failures="0" timestamp="08 Oct 2017 09:28:13 GMT" skipped="0" hostname="RAHUL-KAMBOJ" errors="0">
  <testcase name="run" time="0.010" classname="com.myDummyApp.FirstProg"/>
</testsuite> <!-- com.myDummyApp.FirstProg -->
